<?xml version="1.0" encoding="UTF-8"?>
<!-- Generated by org.testng.reporters.JUnitReportReporter -->
<testsuite hostname="rmn" failures="0" tests="1" name="test.TC_002" time="20.448" errors="0" timestamp="2023-04-21T08:49:54 IST" skipped="0">
  <testcase classname="test.TC_002" name="runScenario" time="20.448"/>
  <system-out/>
</testsuite> <!-- test.TC_002 -->
