<?xml version="1.0" encoding="UTF-8"?>
<!-- Generated by org.testng.reporters.JUnitReportReporter -->
<testsuite hostname="rmn" failures="0" tests="1" name="test.TC_001" time="0.107" errors="0" timestamp="2023-04-16T15:05:39 IST" skipped="1">
  <testcase classname="test.TC_001" name="runScenario" time="0.107">
    <skipped/>
  </testcase> <!-- runScenario -->
  <system-out/>
</testsuite> <!-- test.TC_001 -->
